Phase: Rank  1  Ready to start, Running time :  0.023818254470825195
Phase: Rank  2  Ready to start, Running time :  0.023947954177856445
Phase: Rank  3  Ready to start, Running time :  0.024045467376708984
Phase: First Master Work, Current phase running time :  0.023469924926757812
Phase: Rank  0  Ready to start, Running time :  0.000629425048828125
Phase: Rank  4  Ready to start, Running time :  0.024691343307495117
Phase: Rank  5  Ready to start, Running time :  0.02447962760925293
Phase: Rank  6  Ready to start, Running time :  0.024682283401489258
Phase: Rank  7  Ready to start, Running time :  0.015311956405639648
Rank  7 , lines read= 271247 , process attempted= 271246 , rownum= 271246 , readerror= 269848 successread= 1398
Phase: Rank  7  Job Completed, Running time :  19.395317792892456
Rank  2 , lines read= 297554 , process attempted= 297554 , rownum= 297553 , readerror= 295502 successread= 2051
Phase: Rank  2  Job Completed, Running time :  19.50515365600586
Rank  3 , lines read= 293023 , process attempted= 293023 , rownum= 293022 , readerror= 291416 successread= 1606
Phase: Rank  3  Job Completed, Running time :  19.539806842803955
Rank  4 , lines read= 296158 , process attempted= 296158 , rownum= 296157 , readerror= 294354 successread= 1803
Phase: Rank  4  Job Completed, Running time :  19.662703275680542
Phase: All Core Work, Rank  4 , Data Gather Completed, Running time :  0.00036644935607910156
Rank  1 , lines read= 300124 , process attempted= 300124 , rownum= 300123 , readerror= 298083 successread= 2040
Phase: Rank  1  Job Completed, Running time :  19.746023178100586
Rank  5 , lines read= 312197 , process attempted= 312197 , rownum= 312196 , readerror= 309529 successread= 2667
Phase: Rank  5  Job Completed, Running time :  19.897270441055298
Rank  6 , lines read= 305091 , process attempted= 305091 , rownum= 305090 , readerror= 303330 successread= 1760
Phase: Rank  6  Job Completed, Running time :  20.190540075302124
Rank  0 , lines read= 424608 , process attempted= 424607 , rownum= 424606 , readerror= 35987 successread= 388619
Phase: Rank  0  Job Completed, Running time :  23.671730279922485
Phase: All Core Work, Rank  7 , Data Gather Completed, Running time :  4.277005195617676
Phase: All Core Work, Rank  6 , Data Gather Completed, Running time :  3.4817800521850586
Phase: All Core Work, Rank  2 , Data Gather Completed, Running time :  4.191411972045898
Phase: All Core Work, Rank  3 , Data Gather Completed, Running time :  4.156818151473999
Phase: All Core Work, Rank  1 , Data Gather Completed, Running time :  3.9504966735839844
Phase: All Core Work, Rank  5 , Data Gather Completed, Running time :  3.7750742435455322
Phase: All Core Work, Rank  0 , Data Gather Completed, Running time :  0.05085611343383789
C2: 145096 posts
B2: 79633 posts
C3: 53299 posts
B3: 26550 posts
C4: 19699 posts
B1: 16507 posts
D4: 14497 posts
D3: 13388 posts
C1: 8427 posts
B4: 5450 posts
A3: 5036 posts
A2: 4165 posts
C5: 4106 posts
D5: 3248 posts
A1: 2533 posts
A4: 310 posts
C2: [('melbourne', 10523), ('australia', 1557), ('job', 1473), ('jobs', 1300), ('hiring', 845)]
B2: [('melbourne', 864), ('auspol', 339), ('victraffic', 239), ('australia', 173), ('nashsnewvideo', 123)]
C3: [('melbourne', 510), ('victraffic', 297), ('auspol', 180), ('australia', 151), ('mkr', 137)]
B3: [('melbourne', 179), ('victraffic', 139), ('auspol', 65), ('australia', 62), ('fitness', 55)]
C4: [('auspol', 264), ('savedallas', 157), ('victraffic', 144), ('vote5sos', 97), ('alishas1million', 96)]
B1: [('melbourne', 179), ('kca', 81), ('vote5sos', 78), ('victraffic', 72), ('australia', 65)]
D4: [('nowplaying', 1730), ('karishmatannacraze', 81), ('victraffic', 79), ('jobs', 40), ('melbourne', 32)]
D3: [('melbourne', 84), ('victraffic', 63), ('beach', 60), ('1s', 35), ('joesuggtofollowconniekirk', 31)]
C1: [('jackfollowme', 104), ('jackdm', 97), ('camto4mill', 73), ('christmasfollowparty', 62), ('jamesyamm', 59), ('mashnewvideo', 59)]
B4: [('melbourne', 35), ('smallzywelcomeshome5sos', 27), ('vote5sos', 23), ('vicfires', 21), ('livechatwithmirandasings', 20), ('fire', 20)]
A3: [('vicfires', 19), ('saveconstantine', 17), ('raw', 11), ('socceroos', 11), ('epping.', 11), ('girls', 11), ('mvfc', 9), ('ufc184', 9), ('melbourne', 8), ('love', 8)]
A2: [('krazykristmas', 167), ('egsholidaygiveaway', 57), ('rcl1milliongiveaway', 53), ('vdaywithbeth', 37), ('egholidaygiveaway', 31), ('craigieburn.', 31)]
C5: [('melbourne', 53), ('victraffic', 31), ('photo', 20), ('australia', 17), ('dandenongs', 14)]
D5: [('somebodytocon', 27), ('cat,', 25), ('melbourne', 22), ('lost', 20), ('victraffic', 20), ('voteukvampettes', 18)]
A1: [('melbourne', 15), ('bbau', 14), ('vobis', 11), ('tattoo', 11), ('judo', 10), ('worldjudo2014', 9)]
A4: [('auspol', 7), ('libspill', 5), ('qldvotes', 4), ('lnp', 4), ('birthday', 3), ('photo', 3), ('vicfires', 3), ('countdown', 2), ('joy', 2), ('community', 2), ('victraffic', 2), ('celebmerv', 2), ('cycling', 2), ('laughterclass', 2), ('goingdownswinging', 2), ('mytribe', 2), ('qldvotes.', 2), ('market', 2)]
Phase: Last Master work Completed, Running time :  0.05528759956359863
running time :  23.802101850509644
